<?xml version="1.0" encoding="utf-8"?><testsuites name="pytest tests"><testsuite name="pytest" errors="0" failures="1" skipped="0" tests="21" time="181.936" timestamp="2026-04-27T09:43:25.085522+00:00" hostname="agent-env-b3a64381-5b61-4213-869d-cd20a5b20d7d"><testcase classname="backend.tests.test_netscan_api.TestRoot" name="test_root_nmap_installed" time="0.220" /><testcase classname="backend.tests.test_netscan_api.TestRoot" name="test_scan_types" time="0.046" /><testcase classname="backend.tests.test_netscan_api.TestValidation" name="test_invalid_target_rejected" time="0.045" /><testcase classname="backend.tests.test_netscan_api.TestValidation" name="test_dangerous_custom_flags_semicolon" time="0.043" /><testcase classname="backend.tests.test_netscan_api.TestValidation" name="test_dangerous_custom_flags_pipe" time="0.047" /><testcase classname="backend.tests.test_netscan_api.TestValidation" name="test_unknown_scan_type" time="0.044" /><testcase classname="backend.tests.test_netscan_api.TestNSEWhitelist" name="test_blocks_non_whitelisted_script" time="0.043" /><testcase classname="backend.tests.test_netscan_api.TestNSEWhitelist" name="test_allows_whitelisted_scripts" time="0.092" /><testcase classname="backend.tests.test_netscan_api.TestNSEWhitelist" name="test_allows_script_equals_form" time="0.094" /><testcase classname="backend.tests.test_netscan_api.TestNSEWhitelist" name="test_blocks_script_args" time="0.046" /><testcase classname="backend.tests.test_netscan_api.TestNSEWhitelist" name="test_blocks_iL_flag" time="0.082" /><testcase classname="backend.tests.test_netscan_api.TestScanLifecycle" name="test_create_quick_scan" time="0.045" /><testcase classname="backend.tests.test_netscan_api.TestScanLifecycle" name="test_scan_completes" time="0.047" /><testcase classname="backend.tests.test_netscan_api.TestScanLifecycle" name="test_history_contains_scan_no_id_leak" time="0.050" /><testcase classname="backend.tests.test_netscan_api.TestScanLifecycle" name="test_custom_flags_valid" time="0.099" /><testcase classname="backend.tests.test_netscan_api.TestVulnPreset" name="test_create_vuln_scan" time="0.046" /><testcase classname="backend.tests.test_netscan_api.TestVulnPreset" name="test_vuln_scan_eventually_completes" time="180.184"><failure message="AssertionError: did not finish: running&#10;assert ({'created_at': '2026-04-27T09:43:26.289000', 'duration_sec': None, 'error': None, 'finished_at': None, ...} and 'running' in ('completed', 'failed'))">backend/tests/test_netscan_api.py:236: in test_vuln_scan_eventually_completes
    assert last and last["status"] in ("completed", "failed"), f"did not finish: {last and last.get('status')}"
E   AssertionError: did not finish: running
E   assert ({'created_at': '2026-04-27T09:43:26.289000', 'duration_sec': None, 'error': None, 'finished_at': None, ...} and 'running' in ('completed', 'failed'))</failure></testcase><testcase classname="backend.tests.test_netscan_api.TestPdfExport" name="test_pdf_export_for_completed_scan" time="0.295" /><testcase classname="backend.tests.test_netscan_api.TestPdfExport" name="test_pdf_export_404_for_unknown_id" time="0.045" /><testcase classname="backend.tests.test_netscan_api.TestZCleanup" name="test_delete_scan_then_404" time="0.099" /><testcase classname="backend.tests.test_netscan_api.TestZCleanup" name="test_delete_vuln_scan" time="0.058" /></testsuite></testsuites>