<?xml version="1.0" encoding="utf-8"?><testsuites name="pytest tests"><testsuite name="pytest" errors="0" failures="0" skipped="0" tests="11" time="0.939" timestamp="2026-04-27T09:29:52.921408+00:00" hostname="agent-env-b3a64381-5b61-4213-869d-cd20a5b20d7d"><testcase classname="backend.tests.test_netscan_api.TestRoot" name="test_root_nmap_installed" time="0.200" /><testcase classname="backend.tests.test_netscan_api.TestRoot" name="test_scan_types" time="0.047" /><testcase classname="backend.tests.test_netscan_api.TestValidation" name="test_invalid_target_rejected" time="0.045" /><testcase classname="backend.tests.test_netscan_api.TestValidation" name="test_dangerous_custom_flags_semicolon" time="0.050" /><testcase classname="backend.tests.test_netscan_api.TestValidation" name="test_dangerous_custom_flags_pipe" time="0.044" /><testcase classname="backend.tests.test_netscan_api.TestValidation" name="test_unknown_scan_type" time="0.045" /><testcase classname="backend.tests.test_netscan_api.TestScanLifecycle" name="test_create_quick_scan" time="0.054" /><testcase classname="backend.tests.test_netscan_api.TestScanLifecycle" name="test_scan_completes" time="0.048" /><testcase classname="backend.tests.test_netscan_api.TestScanLifecycle" name="test_history_contains_scan_no_id_leak" time="0.046" /><testcase classname="backend.tests.test_netscan_api.TestScanLifecycle" name="test_custom_flags_valid" time="0.092" /><testcase classname="backend.tests.test_netscan_api.TestScanLifecycle" name="test_delete_scan_then_404" time="0.093" /></testsuite></testsuites>